This file contains any messages produced by compilers while
running configure, to aid debugging if configure makes a mistake.

It was created by sphinxbase configure 5prealpha, which was
generated by GNU Autoconf 2.69.  Invocation command line was

  $ ./configure 

## --------- ##
## Platform. ##
## --------- ##

hostname = gunjan-linux-server
uname -m = x86_64
uname -r = 5.4.0-48-generic
uname -s = Linux
uname -v = #52-Ubuntu SMP Thu Sep 10 10:58:49 UTC 2020

/usr/bin/uname -p = x86_64
/bin/uname -X     = unknown

/bin/arch              = x86_64
/usr/bin/arch -k       = unknown
/usr/convex/getsysinfo = unknown
/usr/bin/hostinfo      = unknown
/bin/machine           = unknown
/usr/bin/oslevel       = unknown
/bin/universe          = unknown

PATH: /opt/ros/noetic/bin
PATH: /usr/local/sbin
PATH: /usr/local/bin
PATH: /usr/sbin
PATH: /usr/bin
PATH: /sbin
PATH: /bin
PATH: /usr/games
PATH: /usr/local/games
PATH: /snap/bin


## ----------- ##
## Core tests. ##
## ----------- ##

configure:2552: checking for a BSD-compatible install
configure:2620: result: /usr/bin/install -c
configure:2631: checking whether build environment is sane
configure:2686: result: yes
configure:2835: checking for a thread-safe mkdir -p
configure:2874: result: /usr/bin/mkdir -p
configure:2881: checking for gawk
configure:2911: result: no
configure:2881: checking for mawk
configure:2897: found /usr/bin/mawk
configure:2908: result: mawk
configure:2919: checking whether make sets $(MAKE)
configure:2941: result: yes
configure:2970: checking whether make supports nested variables
configure:2987: result: yes
configure:3112: checking build system type
configure:3126: result: x86_64-unknown-linux-gnu
configure:3146: checking host system type
configure:3159: result: x86_64-unknown-linux-gnu
configure:3183: checking whether make supports the include directive
configure:3198: make -f confmf.GNU && cat confinc.out
this is the am__doit target
configure:3201: $? = 0
configure:3220: result: yes (GNU style)
configure:3290: checking for gcc
configure:3306: found /usr/bin/gcc
configure:3317: result: gcc
configure:3546: checking for C compiler version
configure:3555: gcc --version >&5
gcc (Ubuntu 9.3.0-17ubuntu1~20.04) 9.3.0
Copyright (C) 2019 Free Software Foundation, Inc.
This is free software; see the source for copying conditions.  There is NO
warranty; not even for MERCHANTABILITY or FITNESS FOR A PARTICULAR PURPOSE.

configure:3566: $? = 0
configure:3555: gcc -v >&5
Using built-in specs.
COLLECT_GCC=gcc
COLLECT_LTO_WRAPPER=/usr/lib/gcc/x86_64-linux-gnu/9/lto-wrapper
OFFLOAD_TARGET_NAMES=nvptx-none:hsa
OFFLOAD_TARGET_DEFAULT=1
Target: x86_64-linux-gnu
Configured with: ../src/configure -v --with-pkgversion='Ubuntu 9.3.0-17ubuntu1~20.04' --with-bugurl=file:///usr/share/doc/gcc-9/README.Bugs --enable-languages=c,ada,c++,go,brig,d,fortran,objc,obj-c++,gm2 --prefix=/usr --with-gcc-major-version-only --program-suffix=-9 --program-prefix=x86_64-linux-gnu- --enable-shared --enable-linker-build-id --libexecdir=/usr/lib --without-included-gettext --enable-threads=posix --libdir=/usr/lib --enable-nls --enable-clocale=gnu --enable-libstdcxx-debug --enable-libstdcxx-time=yes --with-default-libstdcxx-abi=new --enable-gnu-unique-object --disable-vtable-verify --enable-plugin --enable-default-pie --with-system-zlib --with-target-system-zlib=auto --enable-objc-gc=auto --enable-multiarch --disable-werror --with-arch-32=i686 --with-abi=m64 --with-multilib-list=m32,m64,mx32 --enable-multilib --with-tune=generic --enable-offload-targets=nvptx-none=/build/gcc-9-HskZEa/gcc-9-9.3.0/debian/tmp-nvptx/usr,hsa --without-cuda-driver --enable-checking=release --build=x86_64-linux-gnu --host=x86_64-linux-gnu --target=x86_64-linux-gnu
Thread model: posix
gcc version 9.3.0 (Ubuntu 9.3.0-17ubuntu1~20.04) 
configure:3566: $? = 0
configure:3555: gcc -V >&5
gcc: error: unrecognized command line option '-V'
gcc: fatal error: no input files
compilation terminated.
configure:3566: $? = 1
configure:3555: gcc -qversion >&5
gcc: error: unrecognized command line option '-qversion'; did you mean '--version'?
gcc: fatal error: no input files
compilation terminated.
configure:3566: $? = 1
configure:3586: checking whether the C compiler works
configure:3608: gcc -g -O2 -Wall   conftest.c  >&5
configure:3612: $? = 0
configure:3660: result: yes
configure:3663: checking for C compiler default output file name
configure:3665: result: a.out
configure:3671: checking for suffix of executables
configure:3678: gcc -o conftest -g -O2 -Wall   conftest.c  >&5
configure:3682: $? = 0
configure:3704: result: 
configure:3726: checking whether we are cross compiling
configure:3734: gcc -o conftest -g -O2 -Wall   conftest.c  >&5
configure:3738: $? = 0
configure:3745: ./conftest
configure:3749: $? = 0
configure:3737: result: no
configure:3742: checking for suffix of object files
configure:3764: gcc -c -g -O2 -Wall  conftest.c >&5
configure:3768: $? = 0
configure:3789: result: o
configure:3793: checking whether we are using the GNU C compiler
configure:3812: gcc -c -g -O2 -Wall  conftest.c >&5
configure:3812: $? = 0
configure:3821: result: yes
configure:3830: checking whether gcc accepts -g
configure:3850: gcc -c -g  conftest.c >&5
configure:3850: $? = 0
configure:3891: result: yes
configure:3908: checking for gcc option to accept ISO C89
configure:3971: gcc  -c -g -O2 -Wall  conftest.c >&5
configure:3971: $? = 0
configure:3984: result: none needed
configure:4009: checking whether gcc understands -c and -o together
configure:4031: gcc -c conftest.c -o conftest2.o
configure:4034: $? = 0
configure:4031: gcc -c conftest.c -o conftest2.o
configure:4034: $? = 0
configure:4046: result: yes
configure:4065: checking dependency style of gcc
configure:4176: result: gcc3
configure:4192: checking for library containing strerror
configure:4223: gcc -o conftest -g -O2 -Wall   conftest.c  >&5
configure:4223: $? = 0
configure:4240: result: none required
configure:4296: checking for gcc
configure:4323: result: gcc
configure:4552: checking for C compiler version
configure:4561: gcc --version >&5
gcc (Ubuntu 9.3.0-17ubuntu1~20.04) 9.3.0
Copyright (C) 2019 Free Software Foundation, Inc.
This is free software; see the source for copying conditions.  There is NO
warranty; not even for MERCHANTABILITY or FITNESS FOR A PARTICULAR PURPOSE.

configure:4572: $? = 0
configure:4561: gcc -v >&5
Using built-in specs.
COLLECT_GCC=gcc
COLLECT_LTO_WRAPPER=/usr/lib/gcc/x86_64-linux-gnu/9/lto-wrapper
OFFLOAD_TARGET_NAMES=nvptx-none:hsa
OFFLOAD_TARGET_DEFAULT=1
Target: x86_64-linux-gnu
Configured with: ../src/configure -v --with-pkgversion='Ubuntu 9.3.0-17ubuntu1~20.04' --with-bugurl=file:///usr/share/doc/gcc-9/README.Bugs --enable-languages=c,ada,c++,go,brig,d,fortran,objc,obj-c++,gm2 --prefix=/usr --with-gcc-major-version-only --program-suffix=-9 --program-prefix=x86_64-linux-gnu- --enable-shared --enable-linker-build-id --libexecdir=/usr/lib --without-included-gettext --enable-threads=posix --libdir=/usr/lib --enable-nls --enable-clocale=gnu --enable-libstdcxx-debug --enable-libstdcxx-time=yes --with-default-libstdcxx-abi=new --enable-gnu-unique-object --disable-vtable-verify --enable-plugin --enable-default-pie --with-system-zlib --with-target-system-zlib=auto --enable-objc-gc=auto --enable-multiarch --disable-werror --with-arch-32=i686 --with-abi=m64 --with-multilib-list=m32,m64,mx32 --enable-multilib --with-tune=generic --enable-offload-targets=nvptx-none=/build/gcc-9-HskZEa/gcc-9-9.3.0/debian/tmp-nvptx/usr,hsa --without-cuda-driver --enable-checking=release --build=x86_64-linux-gnu --host=x86_64-linux-gnu --target=x86_64-linux-gnu
Thread model: posix
gcc version 9.3.0 (Ubuntu 9.3.0-17ubuntu1~20.04) 
configure:4572: $? = 0
configure:4561: gcc -V >&5
gcc: error: unrecognized command line option '-V'
gcc: fatal error: no input files
compilation terminated.
configure:4572: $? = 1
configure:4561: gcc -qversion >&5
gcc: error: unrecognized command line option '-qversion'; did you mean '--version'?
gcc: fatal error: no input files
compilation terminated.
configure:4572: $? = 1
configure:4576: checking whether we are using the GNU C compiler
configure:4604: result: yes
configure:4613: checking whether gcc accepts -g
configure:4674: result: yes
configure:4691: checking for gcc option to accept ISO C89
configure:4767: result: none needed
configure:4792: checking whether gcc understands -c and -o together
configure:4829: result: yes
configure:4848: checking dependency style of gcc
configure:4959: result: gcc3
configure:4978: checking for gcc option to accept ISO C99
configure:5127: gcc  -c -g -O2 -Wall  conftest.c >&5
conftest.c: In function 'test_varargs':
conftest.c:80:9: warning: variable 'fnumber' set but not used [-Wunused-but-set-variable]
   80 |   float fnumber;
      |         ^~~~~~~
conftest.c:79:7: warning: variable 'number' set but not used [-Wunused-but-set-variable]
   79 |   int number;
      |       ^~~~~~
conftest.c:78:15: warning: variable 'str' set but not used [-Wunused-but-set-variable]
   78 |   const char *str;
      |               ^~~
configure:5127: $? = 0
configure:5140: result: none needed
configure:5248: checking for gcc option to accept ISO Standard C
configure:5259: result: none needed
configure:5313: checking how to print strings
configure:5340: result: printf
configure:5361: checking for a sed that does not truncate output
configure:5425: result: /usr/bin/sed
configure:5443: checking for grep that handles long lines and -e
configure:5501: result: /usr/bin/grep
configure:5506: checking for egrep
configure:5568: result: /usr/bin/grep -E
configure:5573: checking for fgrep
configure:5635: result: /usr/bin/grep -F
configure:5670: checking for ld used by gcc
configure:5737: result: /usr/bin/ld
configure:5744: checking if the linker (/usr/bin/ld) is GNU ld
configure:5759: result: yes
configure:5771: checking for BSD- or MS-compatible name lister (nm)
configure:5825: result: /usr/bin/nm -B
configure:5955: checking the name lister (/usr/bin/nm -B) interface
configure:5962: gcc -c -g -O2 -Wall  conftest.c >&5
configure:5965: /usr/bin/nm -B "conftest.o"
configure:5968: output
0000000000000000 B some_variable
configure:5969: result: BSD nm
configure:5972: checking whether ln -s works
configure:5976: result: yes
configure:5984: checking the maximum length of command line arguments
configure:6115: result: 1572864
configure:6163: checking how to convert x86_64-unknown-linux-gnu file names to x86_64-unknown-linux-gnu format
configure:6203: result: func_convert_file_noop
configure:6210: checking how to convert x86_64-unknown-linux-gnu file names to toolchain format
configure:6230: result: func_convert_file_noop
configure:6237: checking for /usr/bin/ld option to reload object files
configure:6244: result: -r
configure:6318: checking for objdump
configure:6334: found /usr/bin/objdump
configure:6345: result: objdump
configure:6377: checking how to recognize dependent libraries
configure:6577: result: pass_all
configure:6662: checking for dlltool
configure:6692: result: no
configure:6722: checking how to associate runtime and link libraries
configure:6749: result: printf %s\n
configure:6809: checking for ar
configure:6825: found /usr/bin/ar
configure:6836: result: ar
configure:6873: checking for archiver @FILE support
configure:6890: gcc -c -g -O2 -Wall  conftest.c >&5
configure:6890: $? = 0
configure:6893: ar cr libconftest.a @conftest.lst >&5
configure:6896: $? = 0
configure:6901: ar cr libconftest.a @conftest.lst >&5
ar: conftest.o: No such file or directory
configure:6904: $? = 1
configure:6903: result: @
configure:6961: checking for strip
configure:6977: found /usr/bin/strip
configure:6988: result: strip
configure:7060: checking for ranlib
configure:7076: found /usr/bin/ranlib
configure:7087: result: ranlib
configure:7189: checking command to parse /usr/bin/nm -B output from gcc object
configure:7342: gcc -c -g -O2 -Wall  conftest.c >&5
configure:7345: $? = 0
configure:7349: /usr/bin/nm -B conftest.o | sed -n -e 's/^.*[	 ]\([ABCDGIRSTW][ABCDGIRSTW]*\)[	 ][	 ]*\([_A-Za-z][_A-Za-z0-9]*\)$/\1 \2 \2/p' | sed '/ __gnu_lto/d' > conftest.nm
configure:7415: gcc -o conftest -g -O2 -Wall   conftest.c conftstm.o >&5
configure:7418: $? = 0
configure:7456: result: ok
configure:7503: checking for sysroot
configure:7533: result: no
configure:7540: checking for a working dd
configure:7578: result: /usr/bin/dd
configure:7582: checking how to truncate binary pipes
configure:7597: result: /usr/bin/dd bs=4096 count=1
configure:7733: gcc -c -g -O2 -Wall  conftest.c >&5
configure:7736: $? = 0
configure:7926: checking for mt
configure:7942: found /usr/bin/mt
configure:7953: result: mt
configure:7976: checking if mt is a manifest tool
configure:7982: mt '-?'
configure:7990: result: no
configure:8667: checking how to run the C preprocessor
configure:8698: gcc -E  conftest.c
configure:8698: $? = 0
configure:8712: gcc -E  conftest.c
conftest.c:9:10: fatal error: ac_nonexistent.h: No such file or directory
    9 | #include <ac_nonexistent.h>
      |          ^~~~~~~~~~~~~~~~~~
compilation terminated.
configure:8712: $? = 1
configure: failed program was:
| /* confdefs.h */
| #define PACKAGE_NAME "sphinxbase"
| #define PACKAGE_TARNAME "sphinxbase"
| #define PACKAGE_VERSION "5prealpha"
| #define PACKAGE_STRING "sphinxbase 5prealpha"
| #define PACKAGE_BUGREPORT ""
| #define PACKAGE_URL ""
| /* end confdefs.h.  */
| #include <ac_nonexistent.h>
configure:8737: result: gcc -E
configure:8757: gcc -E  conftest.c
configure:8757: $? = 0
configure:8771: gcc -E  conftest.c
conftest.c:9:10: fatal error: ac_nonexistent.h: No such file or directory
    9 | #include <ac_nonexistent.h>
      |          ^~~~~~~~~~~~~~~~~~
compilation terminated.
configure:8771: $? = 1
configure: failed program was:
| /* confdefs.h */
| #define PACKAGE_NAME "sphinxbase"
| #define PACKAGE_TARNAME "sphinxbase"
| #define PACKAGE_VERSION "5prealpha"
| #define PACKAGE_STRING "sphinxbase 5prealpha"
| #define PACKAGE_BUGREPORT ""
| #define PACKAGE_URL ""
| /* end confdefs.h.  */
| #include <ac_nonexistent.h>
configure:8800: checking for ANSI C header files
configure:8820: gcc -c -g -O2 -Wall  conftest.c >&5
configure:8820: $? = 0
configure:8893: gcc -o conftest -g -O2 -Wall   conftest.c  >&5
configure:8893: $? = 0
configure:8893: ./conftest
configure:8893: $? = 0
configure:8904: result: yes
configure:8917: checking for sys/types.h
configure:8917: gcc -c -g -O2 -Wall  conftest.c >&5
configure:8917: $? = 0
configure:8917: result: yes
configure:8917: checking for sys/stat.h
configure:8917: gcc -c -g -O2 -Wall  conftest.c >&5
configure:8917: $? = 0
configure:8917: result: yes
configure:8917: checking for stdlib.h
configure:8917: gcc -c -g -O2 -Wall  conftest.c >&5
configure:8917: $? = 0
configure:8917: result: yes
configure:8917: checking for string.h
configure:8917: gcc -c -g -O2 -Wall  conftest.c >&5
configure:8917: $? = 0
configure:8917: result: yes
configure:8917: checking for memory.h
configure:8917: gcc -c -g -O2 -Wall  conftest.c >&5
configure:8917: $? = 0
configure:8917: result: yes
configure:8917: checking for strings.h
configure:8917: gcc -c -g -O2 -Wall  conftest.c >&5
configure:8917: $? = 0
configure:8917: result: yes
configure:8917: checking for inttypes.h
configure:8917: gcc -c -g -O2 -Wall  conftest.c >&5
configure:8917: $? = 0
configure:8917: result: yes
configure:8917: checking for stdint.h
configure:8917: gcc -c -g -O2 -Wall  conftest.c >&5
configure:8917: $? = 0
configure:8917: result: yes
configure:8917: checking for unistd.h
configure:8917: gcc -c -g -O2 -Wall  conftest.c >&5
configure:8917: $? = 0
configure:8917: result: yes
configure:8931: checking for dlfcn.h
configure:8931: gcc -c -g -O2 -Wall  conftest.c >&5
configure:8931: $? = 0
configure:8931: result: yes
configure:9187: checking for objdir
configure:9202: result: .libs
configure:9466: checking if gcc supports -fno-rtti -fno-exceptions
configure:9484: gcc -c -g -O2 -Wall  -fno-rtti -fno-exceptions conftest.c >&5
cc1: warning: command line option '-fno-rtti' is valid for C++/D/ObjC++ but not for C
configure:9488: $? = 0
configure:9501: result: no
configure:9865: checking for gcc option to produce PIC
configure:9872: result: -fPIC -DPIC
configure:9880: checking if gcc PIC flag -fPIC -DPIC works
configure:9898: gcc -c -g -O2 -Wall  -fPIC -DPIC -DPIC conftest.c >&5
configure:9902: $? = 0
configure:9915: result: yes
configure:9944: checking if gcc static flag -static works
configure:9972: result: yes
configure:9987: checking if gcc supports -c -o file.o
configure:10008: gcc -c -g -O2 -Wall  -o out/conftest2.o conftest.c >&5
configure:10012: $? = 0
configure:10034: result: yes
configure:10042: checking if gcc supports -c -o file.o
configure:10089: result: yes
configure:10122: checking whether the gcc linker (/usr/bin/ld -m elf_x86_64) supports shared libraries
configure:11385: result: yes
configure:11422: checking whether -lc should be explicitly linked in
configure:11430: gcc -c -g -O2 -Wall  conftest.c >&5
configure:11433: $? = 0
configure:11448: gcc -shared  -fPIC -DPIC conftest.o  -v -Wl,-soname -Wl,conftest -o conftest 2\>\&1 \| /usr/bin/grep  -lc  \>/dev/null 2\>\&1
configure:11451: $? = 0
configure:11465: result: no
configure:11625: checking dynamic linker characteristics
configure:12206: gcc -o conftest -g -O2 -Wall   -Wl,-rpath -Wl,/foo conftest.c  >&5
configure:12206: $? = 0
configure:12455: result: GNU/Linux ld.so
configure:12577: checking how to hardcode library paths into programs
configure:12602: result: immediate
configure:13150: checking whether stripping libraries is possible
configure:13155: result: yes
configure:13190: checking if libtool supports shared libraries
configure:13192: result: yes
configure:13195: checking whether to build shared libraries
configure:13220: result: yes
configure:13223: checking whether to build static libraries
configure:13227: result: yes
configure:10045: checking for bison
configure:10061: found /usr/bin/bison
configure:10073: result: bison -y
configure:10087: checking for ANSI C header files
configure:10191: result: yes
configure:10199: checking whether byte ordering is bigendian
configure:10214: gcc -c -g -O2 -Wall  conftest.c >&5
conftest.c:23:9: error: unknown type name 'not'
   23 |         not a universal capable compiler
      |         ^~~
conftest.c:23:15: error: expected '=', ',', ';', 'asm' or '__attribute__' before 'universal'
   23 |         not a universal capable compiler
      |               ^~~~~~~~~
conftest.c:23:15: error: unknown type name 'universal'
configure:10214: $? = 1
configure: failed program was:
| /* confdefs.h */
| #define PACKAGE_NAME "sphinxbase"
| #define PACKAGE_TARNAME "sphinxbase"
| #define PACKAGE_VERSION "5prealpha"
| #define PACKAGE_STRING "sphinxbase 5prealpha"
| #define PACKAGE_BUGREPORT ""
| #define PACKAGE_URL ""
| #define STDC_HEADERS 1
| #define HAVE_SYS_TYPES_H 1
| #define HAVE_SYS_STAT_H 1
| #define HAVE_STDLIB_H 1
| #define HAVE_STRING_H 1
| #define HAVE_MEMORY_H 1
| #define HAVE_STRINGS_H 1
| #define HAVE_INTTYPES_H 1
| #define HAVE_STDINT_H 1
| #define HAVE_UNISTD_H 1
| #define HAVE_DLFCN_H 1
| #define LT_OBJDIR ".libs/"
| #define STDC_HEADERS 1
| /* end confdefs.h.  */
| #ifndef __APPLE_CC__
| 	       not a universal capable compiler
| 	     #endif
| 	     typedef int dummy;
| 
configure:10259: gcc -c -g -O2 -Wall  conftest.c >&5
configure:10259: $? = 0
configure:10277: gcc -c -g -O2 -Wall  conftest.c >&5
conftest.c: In function 'main':
conftest.c:29:4: error: unknown type name 'not'; did you mean 'ino_t'?
   29 |    not big endian
      |    ^~~
      |    ino_t
conftest.c:29:12: error: expected '=', ',', ';', 'asm' or '__attribute__' before 'endian'
   29 |    not big endian
      |            ^~~~~~
configure:10277: $? = 1
configure: failed program was:
| /* confdefs.h */
| #define PACKAGE_NAME "sphinxbase"
| #define PACKAGE_TARNAME "sphinxbase"
| #define PACKAGE_VERSION "5prealpha"
| #define PACKAGE_STRING "sphinxbase 5prealpha"
| #define PACKAGE_BUGREPORT ""
| #define PACKAGE_URL ""
| #define STDC_HEADERS 1
| #define HAVE_SYS_TYPES_H 1
| #define HAVE_SYS_STAT_H 1
| #define HAVE_STDLIB_H 1
| #define HAVE_STRING_H 1
| #define HAVE_MEMORY_H 1
| #define HAVE_STRINGS_H 1
| #define HAVE_INTTYPES_H 1
| #define HAVE_STDINT_H 1
| #define HAVE_UNISTD_H 1
| #define HAVE_DLFCN_H 1
| #define LT_OBJDIR ".libs/"
| #define STDC_HEADERS 1
| /* end confdefs.h.  */
| #include <sys/types.h>
| 		#include <sys/param.h>
| 
| int
| main ()
| {
| #if BYTE_ORDER != BIG_ENDIAN
| 		 not big endian
| 		#endif
| 
|   ;
|   return 0;
| }
configure:10405: result: no
configure:10423: checking return type of signal handlers
configure:10441: gcc -c -g -O2 -Wall  conftest.c >&5
conftest.c: In function 'main':
conftest.c:28:10: error: void value not ignored as it ought to be
   28 | return *(signal (0, 0)) (0) == 1;
      |         ~^~~~~~~~~~~~~~~~~~
configure:10441: $? = 1
configure: failed program was:
| /* confdefs.h */
| #define PACKAGE_NAME "sphinxbase"
| #define PACKAGE_TARNAME "sphinxbase"
| #define PACKAGE_VERSION "5prealpha"
| #define PACKAGE_STRING "sphinxbase 5prealpha"
| #define PACKAGE_BUGREPORT ""
| #define PACKAGE_URL ""
| #define STDC_HEADERS 1
| #define HAVE_SYS_TYPES_H 1
| #define HAVE_SYS_STAT_H 1
| #define HAVE_STDLIB_H 1
| #define HAVE_STRING_H 1
| #define HAVE_MEMORY_H 1
| #define HAVE_STRINGS_H 1
| #define HAVE_INTTYPES_H 1
| #define HAVE_STDINT_H 1
| #define HAVE_UNISTD_H 1
| #define HAVE_DLFCN_H 1
| #define LT_OBJDIR ".libs/"
| #define STDC_HEADERS 1
| /* end confdefs.h.  */
| #include <sys/types.h>
| #include <signal.h>
| 
| int
| main ()
| {
| return *(signal (0, 0)) (0) == 1;
|   ;
|   return 0;
| }
configure:10448: result: void
configure:10456: checking for long long
configure:10456: gcc -c -g -O2 -Wall  conftest.c >&5
configure:10456: $? = 0
configure:10456: gcc -c -g -O2 -Wall  conftest.c >&5
conftest.c: In function 'main':
conftest.c:59:24: error: expected expression before ')' token
   59 | if (sizeof ((long long)))
      |                        ^
configure:10456: $? = 1
configure: failed program was:
| /* confdefs.h */
| #define PACKAGE_NAME "sphinxbase"
| #define PACKAGE_TARNAME "sphinxbase"
| #define PACKAGE_VERSION "5prealpha"
| #define PACKAGE_STRING "sphinxbase 5prealpha"
| #define PACKAGE_BUGREPORT ""
| #define PACKAGE_URL ""
| #define STDC_HEADERS 1
| #define HAVE_SYS_TYPES_H 1
| #define HAVE_SYS_STAT_H 1
| #define HAVE_STDLIB_H 1
| #define HAVE_STRING_H 1
| #define HAVE_MEMORY_H 1
| #define HAVE_STRINGS_H 1
| #define HAVE_INTTYPES_H 1
| #define HAVE_STDINT_H 1
| #define HAVE_UNISTD_H 1
| #define HAVE_DLFCN_H 1
| #define LT_OBJDIR ".libs/"
| #define STDC_HEADERS 1
| #define RETSIGTYPE void
| /* end confdefs.h.  */
| #include <stdio.h>
| #ifdef HAVE_SYS_TYPES_H
| # include <sys/types.h>
| #endif
| #ifdef HAVE_SYS_STAT_H
| # include <sys/stat.h>
| #endif
| #ifdef STDC_HEADERS
| # include <stdlib.h>
| # include <stddef.h>
| #else
| # ifdef HAVE_STDLIB_H
| #  include <stdlib.h>
| # endif
| #endif
| #ifdef HAVE_STRING_H
| # if !defined STDC_HEADERS && defined HAVE_MEMORY_H
| #  include <memory.h>
| # endif
| # include <string.h>
| #endif
| #ifdef HAVE_STRINGS_H
| # include <strings.h>
| #endif
| #ifdef HAVE_INTTYPES_H
| # include <inttypes.h>
| #endif
| #ifdef HAVE_STDINT_H
| # include <stdint.h>
| #endif
| #ifdef HAVE_UNISTD_H
| # include <unistd.h>
| #endif
| int
| main ()
| {
| if (sizeof ((long long)))
| 	    return 0;
|   ;
|   return 0;
| }
configure:10456: result: yes
configure:10470: checking size of long long
configure:10475: gcc -o conftest -g -O2 -Wall   conftest.c  >&5
configure:10475: $? = 0
configure:10475: ./conftest
configure:10475: $? = 0
configure:10489: result: 8
configure:10503: checking size of long
configure:10508: gcc -o conftest -g -O2 -Wall   conftest.c  >&5
configure:10508: $? = 0
configure:10508: ./conftest
configure:10508: $? = 0
configure:10522: result: 8
configure:10535: checking for popen
configure:10535: gcc -o conftest -g -O2 -Wall   conftest.c  >&5
configure:10535: $? = 0
configure:10535: result: yes
configure:10535: checking for perror
configure:10535: gcc -o conftest -g -O2 -Wall   conftest.c  >&5
configure:10535: $? = 0
configure:10535: result: yes
configure:10535: checking for snprintf
configure:10535: gcc -o conftest -g -O2 -Wall   conftest.c  >&5
conftest.c:51:6: warning: conflicting types for built-in function 'snprintf'; expected 'int(char *, long unsigned int,  const char *, ...)' [-Wbuiltin-declaration-mismatch]
   51 | char snprintf ();
      |      ^~~~~~~~
conftest.c:39:1: note: 'snprintf' is declared in header '<stdio.h>'
   38 | # include <limits.h>
   39 | #else
configure:10535: $? = 0
configure:10535: result: yes
configure:10544: checking errno.h usability
configure:10544: gcc -c -g -O2 -Wall  conftest.c >&5
configure:10544: $? = 0
configure:10544: result: yes
configure:10544: checking errno.h presence
configure:10544: gcc -E  conftest.c
configure:10544: $? = 0
configure:10544: result: yes
configure:10544: checking for errno.h
configure:10544: result: yes
configure:10564: checking for sgesv_ in -llapack
configure:10589: gcc -o conftest -g -O2 -Wall   conftest.c -llapack   >&5
configure:10589: $? = 0
configure:10598: result: yes
configure:10612: checking for sgemm_ in -lblas
configure:10637: gcc -o conftest -g -O2 -Wall   conftest.c -lblas  -llapack  >&5
configure:10637: $? = 0
configure:10646: result: yes
configure:10681: checking for log in -lm
configure:10706: gcc -o conftest -g -O2 -Wall   conftest.c -lm  -lblas -llapack  >&5
conftest.c:39:6: warning: conflicting types for built-in function 'log'; expected 'double(double)' [-Wbuiltin-declaration-mismatch]
   39 | char log ();
      |      ^~~
conftest.c:1:1: note: 'log' is declared in header '<math.h>'
    1 | /* confdefs.h */
configure:10706: $? = 0
configure:10715: result: yes
configure:10746: checking pthread.h usability
configure:10746: gcc -c -g -O2 -Wall  conftest.c >&5
configure:10746: $? = 0
configure:10746: result: yes
configure:10746: checking pthread.h presence
configure:10746: gcc -E  conftest.c
configure:10746: $? = 0
configure:10746: result: yes
configure:10746: checking for pthread.h
configure:10746: result: yes
configure:10756: checking for pthread_create in -lpthread
configure:10781: gcc -o conftest -g -O2 -Wall   conftest.c -lpthread  -lm -lblas -llapack  >&5
configure:10781: $? = 0
configure:10790: result: yes
configure:10863: checking pulse/pulseaudio.h usability
configure:10863: gcc -c -g -O2 -Wall  conftest.c >&5
configure:10863: $? = 0
configure:10863: result: yes
configure:10863: checking pulse/pulseaudio.h presence
configure:10863: gcc -E  conftest.c
configure:10863: $? = 0
configure:10863: result: yes
configure:10863: checking for pulse/pulseaudio.h
configure:10863: result: yes
configure:10867: checking for pa_simple_new in -lpulse-simple
configure:10892: gcc -o conftest -g -O2 -Wall   conftest.c -lpulse-simple  -lpthread -lm -lblas -llapack  >&5
configure:10892: $? = 0
configure:10901: result: yes
configure:10912: checking for pa_strerror in -lpulse
configure:10937: gcc -o conftest -g -O2 -Wall   conftest.c -lpulse  -lpulse-simple -lpthread -lm -lblas -llapack  >&5
configure:10937: $? = 0
configure:10946: result: yes
configure:11062: checking for doxygen
configure:11090: result: no
configure:11151: checking for a Python interpreter with version >= 2.6
configure:11168: python -c import sys # split strings by '.' and convert to numeric. Append some zeros # because we need at least 4 digits for the hex conversion. # map returns an iterator in Python 3.0 and a list in 2.x minver = list(map(int, '2.6'.split('.'))) + [0, 0, 0] minverhex = 0 # xrange is not present in Python 3.0 and range returns an iterator for i in list(range(0, 4)): minverhex = (minverhex << 8) + minver[i] sys.exit(sys.hexversion < minverhex)
./configure: line 11169: python: command not found
configure:11171: $? = 127
configure:11168: python2 -c import sys # split strings by '.' and convert to numeric. Append some zeros # because we need at least 4 digits for the hex conversion. # map returns an iterator in Python 3.0 and a list in 2.x minver = list(map(int, '2.6'.split('.'))) + [0, 0, 0] minverhex = 0 # xrange is not present in Python 3.0 and range returns an iterator for i in list(range(0, 4)): minverhex = (minverhex << 8) + minver[i] sys.exit(sys.hexversion < minverhex)
./configure: line 11169: python2: command not found
configure:11171: $? = 127
configure:11168: python3 -c import sys # split strings by '.' and convert to numeric. Append some zeros # because we need at least 4 digits for the hex conversion. # map returns an iterator in Python 3.0 and a list in 2.x minver = list(map(int, '2.6'.split('.'))) + [0, 0, 0] minverhex = 0 # xrange is not present in Python 3.0 and range returns an iterator for i in list(range(0, 4)): minverhex = (minverhex << 8) + minver[i] sys.exit(sys.hexversion < minverhex)
configure:11171: $? = 0
configure:11177: result: python3
configure:11185: checking for python3
configure:11203: found /usr/bin/python3
configure:11215: result: /usr/bin/python3
configure:11233: checking for python3 version
configure:11240: result: 3.8
configure:11252: checking for python3 platform
configure:11259: result: linux
configure:11285: checking for python3 script directory
configure:11320: result: ${prefix}/lib/python3.8/site-packages
configure:11329: checking for python3 extension module directory
configure:11364: result: ${exec_prefix}/lib/python3.8/site-packages
configure:11385: checking for python3.8
configure:11415: result: /usr/bin/python3
configure:11431: checking for a version of Python >= '2.1.0'
configure:11457: result: yes
configure:11488: checking for the distutils Python package
configure:11492: result: yes
configure:11506: checking for Python include path
configure:11522: result: -I/usr/include/python3.8
configure:11529: checking for Python library path
configure:11606: result: -L/usr/lib -lpython3.8
configure:11613: checking for Python site-packages path
configure:11619: result: /usr/lib/python3/dist-packages
configure:11626: checking python extra libraries
configure:11633: result: -lcrypt -lpthread -ldl  -lutil -lm -lm
configure:11640: checking python extra linking flags
configure:11647: result: -Xlinker -export-dynamic -Wl,-O1 -Wl,-Bsymbolic-functions
configure:11654: checking consistency of all components of python development environment
configure:11680: gcc -o conftest -g -O2 -Wall  -I/usr/include/python3.8  conftest.c -lpulse -lpulse-simple -lpthread -lm -lblas -llapack  -L/usr/lib -lpython3.8 -Xlinker -export-dynamic -Wl,-O1 -Wl,-Bsymbolic-functions -lcrypt -lpthread -ldl  -lutil -lm -lm >&5
configure:11680: $? = 0
configure:11697: result: yes
configure:11728: checking for swig
configure:11746: found /usr/bin/swig
configure:11758: result: /usr/bin/swig
configure:11772: checking SWIG version
configure:11775: result: 4.0.1
configure:11824: checking for SWIG library
configure:11827: result: /usr/share/swig4.0
configure:11956: checking that generated files are newer than configure
configure:11962: result: done
configure:12014: creating ./config.status

## ---------------------- ##
## Running config.status. ##
## ---------------------- ##

This file was extended by sphinxbase config.status 5prealpha, which was
generated by GNU Autoconf 2.69.  Invocation command line was

  CONFIG_FILES    = 
  CONFIG_HEADERS  = 
  CONFIG_LINKS    = 
  CONFIG_COMMANDS = 
  $ ./config.status 

on gunjan-linux-server

config.status:1169: creating sphinxbase.pc
config.status:1169: creating Makefile
config.status:1169: creating include/Makefile
config.status:1169: creating include/sphinxbase/Makefile
config.status:1169: creating src/Makefile
config.status:1169: creating src/libsphinxad/Makefile
config.status:1169: creating src/libsphinxbase/Makefile
config.status:1169: creating src/libsphinxbase/util/Makefile
config.status:1169: creating src/libsphinxbase/feat/Makefile
config.status:1169: creating src/libsphinxbase/fe/Makefile
config.status:1169: creating src/libsphinxbase/lm/Makefile
config.status:1169: creating src/sphinx_fe/Makefile
config.status:1169: creating src/sphinx_cepview/Makefile
config.status:1169: creating src/sphinx_jsgf2fsg/Makefile
config.status:1169: creating src/sphinx_adtools/Makefile
config.status:1169: creating src/sphinx_lmtools/Makefile
config.status:1169: creating doc/Makefile
config.status:1169: creating doc/doxyfile
config.status:1169: creating test/Makefile
config.status:1169: creating test/unit/testfuncs.sh
config.status:1169: creating test/unit/Makefile
config.status:1169: creating test/unit/test_alloc/Makefile
config.status:1169: creating test/unit/test_bitvec/Makefile
config.status:1169: creating test/unit/test_case/Makefile
config.status:1169: creating test/unit/test_string/Makefile
config.status:1169: creating test/unit/test_cmdln/Makefile
config.status:1169: creating test/unit/test_hash/Makefile
config.status:1169: creating test/unit/test_matrix/Makefile
config.status:1169: creating test/unit/test_feat/Makefile
config.status:1169: creating test/unit/test_fe/Makefile
config.status:1169: creating test/unit/test_logmath/Makefile
config.status:1169: creating test/unit/test_lineiter/Makefile
config.status:1169: creating test/unit/test_ngram/Makefile
config.status:1169: creating test/unit/test_fsg/Makefile
config.status:1169: creating test/unit/test_thread/Makefile
config.status:1169: creating test/unit/test_util/Makefile
config.status:1169: creating test/regression/testfuncs.sh
config.status:1169: creating test/regression/Makefile
config.status:1169: creating swig/Makefile
config.status:1169: creating swig/python/Makefile
config.status:1169: creating include/config.h
config.status:1350: include/config.h is unchanged
config.status:1169: creating include/sphinx_config.h
config.status:1350: include/sphinx_config.h is unchanged
config.status:1398: executing depfiles commands
config.status:1475: cd src/libsphinxad       && sed -e '/# am--include-marker/d' Makefile         | make -f - am--depfiles
make: Nothing to be done for 'am--depfiles'.
config.status:1480: $? = 0
config.status:1475: cd src/libsphinxbase/util       && sed -e '/# am--include-marker/d' Makefile         | make -f - am--depfiles
make: Nothing to be done for 'am--depfiles'.
config.status:1480: $? = 0
config.status:1475: cd src/libsphinxbase/feat       && sed -e '/# am--include-marker/d' Makefile         | make -f - am--depfiles
make: Nothing to be done for 'am--depfiles'.
config.status:1480: $? = 0
config.status:1475: cd src/libsphinxbase/fe       && sed -e '/# am--include-marker/d' Makefile         | make -f - am--depfiles
make: Nothing to be done for 'am--depfiles'.
config.status:1480: $? = 0
config.status:1475: cd src/libsphinxbase/lm       && sed -e '/# am--include-marker/d' Makefile         | make -f - am--depfiles
make: Nothing to be done for 'am--depfiles'.
config.status:1480: $? = 0
config.status:1475: cd src/sphinx_fe       && sed -e '/# am--include-marker/d' Makefile         | make -f - am--depfiles
make: Nothing to be done for 'am--depfiles'.
config.status:1480: $? = 0
config.status:1475: cd src/sphinx_cepview       && sed -e '/# am--include-marker/d' Makefile         | make -f - am--depfiles
make: Nothing to be done for 'am--depfiles'.
config.status:1480: $? = 0
config.status:1475: cd src/sphinx_jsgf2fsg       && sed -e '/# am--include-marker/d' Makefile         | make -f - am--depfiles
make: Nothing to be done for 'am--depfiles'.
config.status:1480: $? = 0
config.status:1475: cd src/sphinx_adtools       && sed -e '/# am--include-marker/d' Makefile         | make -f - am--depfiles
make: Nothing to be done for 'am--depfiles'.
config.status:1480: $? = 0
config.status:1475: cd src/sphinx_lmtools       && sed -e '/# am--include-marker/d' Makefile         | make -f - am--depfiles
make: Nothing to be done for 'am--depfiles'.
config.status:1480: $? = 0
config.status:1475: cd test/unit/test_alloc       && sed -e '/# am--include-marker/d' Makefile         | make -f - am--depfiles
make: Nothing to be done for 'am--depfiles'.
config.status:1480: $? = 0
config.status:1475: cd test/unit/test_bitvec       && sed -e '/# am--include-marker/d' Makefile         | make -f - am--depfiles
make: Nothing to be done for 'am--depfiles'.
config.status:1480: $? = 0
config.status:1475: cd test/unit/test_case       && sed -e '/# am--include-marker/d' Makefile         | make -f - am--depfiles
make: Nothing to be done for 'am--depfiles'.
config.status:1480: $? = 0
config.status:1475: cd test/unit/test_string       && sed -e '/# am--include-marker/d' Makefile         | make -f - am--depfiles
make: Nothing to be done for 'am--depfiles'.
config.status:1480: $? = 0
config.status:1475: cd test/unit/test_cmdln       && sed -e '/# am--include-marker/d' Makefile         | make -f - am--depfiles
make: Nothing to be done for 'am--depfiles'.
config.status:1480: $? = 0
config.status:1475: cd test/unit/test_hash       && sed -e '/# am--include-marker/d' Makefile         | make -f - am--depfiles
make: Nothing to be done for 'am--depfiles'.
config.status:1480: $? = 0
config.status:1475: cd test/unit/test_matrix       && sed -e '/# am--include-marker/d' Makefile         | make -f - am--depfiles
make: Nothing to be done for 'am--depfiles'.
config.status:1480: $? = 0
config.status:1475: cd test/unit/test_feat       && sed -e '/# am--include-marker/d' Makefile         | make -f - am--depfiles
make: Nothing to be done for 'am--depfiles'.
config.status:1480: $? = 0
config.status:1475: cd test/unit/test_fe       && sed -e '/# am--include-marker/d' Makefile         | make -f - am--depfiles
make: Nothing to be done for 'am--depfiles'.
config.status:1480: $? = 0
config.status:1475: cd test/unit/test_logmath       && sed -e '/# am--include-marker/d' Makefile         | make -f - am--depfiles
make: Nothing to be done for 'am--depfiles'.
config.status:1480: $? = 0
config.status:1475: cd test/unit/test_lineiter       && sed -e '/# am--include-marker/d' Makefile         | make -f - am--depfiles
make: Nothing to be done for 'am--depfiles'.
config.status:1480: $? = 0
config.status:1475: cd test/unit/test_ngram       && sed -e '/# am--include-marker/d' Makefile         | make -f - am--depfiles
make: Nothing to be done for 'am--depfiles'.
config.status:1480: $? = 0
config.status:1475: cd test/unit/test_fsg       && sed -e '/# am--include-marker/d' Makefile         | make -f - am--depfiles
make: Nothing to be done for 'am--depfiles'.
config.status:1480: $? = 0
config.status:1475: cd test/unit/test_thread       && sed -e '/# am--include-marker/d' Makefile         | make -f - am--depfiles
make: Nothing to be done for 'am--depfiles'.
config.status:1480: $? = 0
config.status:1475: cd test/unit/test_util       && sed -e '/# am--include-marker/d' Makefile         | make -f - am--depfiles
make: Nothing to be done for 'am--depfiles'.
config.status:1480: $? = 0
config.status:1475: cd swig/python       && sed -e '/# am--include-marker/d' Makefile         | make -f - am--depfiles
make: Nothing to be done for 'am--depfiles'.
config.status:1480: $? = 0
config.status:1398: executing libtool commands

## ---------------- ##
## Cache variables. ##
## ---------------- ##

ac_cv_build=x86_64-unknown-linux-gnu
ac_cv_c_bigendian=no
ac_cv_c_compiler_gnu=yes
ac_cv_env_CC_set=
ac_cv_env_CC_value=
ac_cv_env_CFLAGS_set=
ac_cv_env_CFLAGS_value=
ac_cv_env_CPPFLAGS_set=
ac_cv_env_CPPFLAGS_value=
ac_cv_env_CPP_set=
ac_cv_env_CPP_value=
ac_cv_env_LDFLAGS_set=
ac_cv_env_LDFLAGS_value=
ac_cv_env_LIBS_set=
ac_cv_env_LIBS_value=
ac_cv_env_LT_SYS_LIBRARY_PATH_set=
ac_cv_env_LT_SYS_LIBRARY_PATH_value=
ac_cv_env_PYTHON_VERSION_set=
ac_cv_env_PYTHON_VERSION_value=
ac_cv_env_PYTHON_set=
ac_cv_env_PYTHON_value=
ac_cv_env_YACC_set=
ac_cv_env_YACC_value=
ac_cv_env_build_alias_set=
ac_cv_env_build_alias_value=
ac_cv_env_host_alias_set=
ac_cv_env_host_alias_value=
ac_cv_env_target_alias_set=
ac_cv_env_target_alias_value=
ac_cv_func_perror=yes
ac_cv_func_popen=yes
ac_cv_func_snprintf=yes
ac_cv_header_dlfcn_h=yes
ac_cv_header_errno_h=yes
ac_cv_header_inttypes_h=yes
ac_cv_header_memory_h=yes
ac_cv_header_pthread_h=yes
ac_cv_header_pulse_pulseaudio_h=yes
ac_cv_header_stdc=yes
ac_cv_header_stdint_h=yes
ac_cv_header_stdlib_h=yes
ac_cv_header_string_h=yes
ac_cv_header_strings_h=yes
ac_cv_header_sys_stat_h=yes
ac_cv_header_sys_types_h=yes
ac_cv_header_unistd_h=yes
ac_cv_host=x86_64-unknown-linux-gnu
ac_cv_lib_blas_sgemm_=yes
ac_cv_lib_lapack_sgesv_=yes
ac_cv_lib_m_log=yes
ac_cv_lib_pthread_pthread_create=yes
ac_cv_lib_pulse_pa_strerror=yes
ac_cv_lib_pulse_simple_pa_simple_new=yes
ac_cv_objext=o
ac_cv_path_EGREP='/usr/bin/grep -E'
ac_cv_path_FGREP='/usr/bin/grep -F'
ac_cv_path_GREP=/usr/bin/grep
ac_cv_path_PYTHON=/usr/bin/python3
ac_cv_path_SED=/usr/bin/sed
ac_cv_path_SWIG=/usr/bin/swig
ac_cv_path_install='/usr/bin/install -c'
ac_cv_path_lt_DD=/usr/bin/dd
ac_cv_path_mkdir=/usr/bin/mkdir
ac_cv_prog_AWK=mawk
ac_cv_prog_CPP='gcc -E'
ac_cv_prog_HAVE_DOXYGEN=no
ac_cv_prog_YACC='bison -y'
ac_cv_prog_ac_ct_AR=ar
ac_cv_prog_ac_ct_CC=gcc
ac_cv_prog_ac_ct_MANIFEST_TOOL=mt
ac_cv_prog_ac_ct_OBJDUMP=objdump
ac_cv_prog_ac_ct_RANLIB=ranlib
ac_cv_prog_ac_ct_STRIP=strip
ac_cv_prog_cc_c89=
ac_cv_prog_cc_c99=
ac_cv_prog_cc_g=yes
ac_cv_prog_cc_stdc=
ac_cv_prog_make_make_set=yes
ac_cv_search_strerror='none required'
ac_cv_sizeof_long=8
ac_cv_sizeof_long_long=8
ac_cv_type_long_long=yes
ac_cv_type_signal=void
am_cv_CC_dependencies_compiler_type=gcc3
am_cv_make_support_nested_variables=yes
am_cv_pathless_PYTHON=python3
am_cv_prog_cc_c_o=yes
am_cv_python_platform=linux
am_cv_python_pyexecdir='${exec_prefix}/lib/python3.8/site-packages'
am_cv_python_pythondir='${prefix}/lib/python3.8/site-packages'
am_cv_python_version=3.8
lt_cv_ar_at_file=@
lt_cv_archive_cmds_need_lc=no
lt_cv_deplibs_check_method=pass_all
lt_cv_file_magic_cmd='$MAGIC_CMD'
lt_cv_file_magic_test_file=
lt_cv_ld_reload_flag=-r
lt_cv_nm_interface='BSD nm'
lt_cv_objdir=.libs
lt_cv_path_LD=/usr/bin/ld
lt_cv_path_NM='/usr/bin/nm -B'
lt_cv_path_mainfest_tool=no
lt_cv_prog_compiler_c_o=yes
lt_cv_prog_compiler_pic='-fPIC -DPIC'
lt_cv_prog_compiler_pic_works=yes
lt_cv_prog_compiler_rtti_exceptions=no
lt_cv_prog_compiler_static_works=yes
lt_cv_prog_gnu_ld=yes
lt_cv_sharedlib_from_linklib_cmd='printf %s\n'
lt_cv_shlibpath_overrides_runpath=yes
lt_cv_sys_global_symbol_pipe='sed -n -e '\''s/^.*[	 ]\([ABCDGIRSTW][ABCDGIRSTW]*\)[	 ][	 ]*\([_A-Za-z][_A-Za-z0-9]*\)$/\1 \2 \2/p'\'' | sed '\''/ __gnu_lto/d'\'''
lt_cv_sys_global_symbol_to_c_name_address='sed -n -e '\''s/^: \(.*\) .*$/  {"\1", (void *) 0},/p'\'' -e '\''s/^[ABCDGIRSTW][ABCDGIRSTW]* .* \(.*\)$/  {"\1", (void *) \&\1},/p'\'''
lt_cv_sys_global_symbol_to_c_name_address_lib_prefix='sed -n -e '\''s/^: \(.*\) .*$/  {"\1", (void *) 0},/p'\'' -e '\''s/^[ABCDGIRSTW][ABCDGIRSTW]* .* \(lib.*\)$/  {"\1", (void *) \&\1},/p'\'' -e '\''s/^[ABCDGIRSTW][ABCDGIRSTW]* .* \(.*\)$/  {"lib\1", (void *) \&\1},/p'\'''
lt_cv_sys_global_symbol_to_cdecl='sed -n -e '\''s/^T .* \(.*\)$/extern int \1();/p'\'' -e '\''s/^[ABCDGIRSTW][ABCDGIRSTW]* .* \(.*\)$/extern char \1;/p'\'''
lt_cv_sys_global_symbol_to_import=
lt_cv_sys_max_cmd_len=1572864
lt_cv_to_host_file_cmd=func_convert_file_noop
lt_cv_to_tool_file_cmd=func_convert_file_noop
lt_cv_truncate_bin='/usr/bin/dd bs=4096 count=1'

## ----------------- ##
## Output variables. ##
## ----------------- ##

ACLOCAL='${SHELL} /home/gunjan/Desktop/VITHack/vithack-sigmatix/Movel-AI/catkin_ws/src/speech/sphinxbase/missing aclocal-1.16'
AMDEPBACKSLASH='\'
AMDEP_FALSE='#'
AMDEP_TRUE=''
AMTAR='$${TAR-tar}'
AM_BACKSLASH='\'
AM_DEFAULT_V='$(AM_DEFAULT_VERBOSITY)'
AM_DEFAULT_VERBOSITY='1'
AM_V='$(V)'
AR='ar'
AUTOCONF='${SHELL} /home/gunjan/Desktop/VITHack/vithack-sigmatix/Movel-AI/catkin_ws/src/speech/sphinxbase/missing autoconf'
AUTOHEADER='${SHELL} /home/gunjan/Desktop/VITHack/vithack-sigmatix/Movel-AI/catkin_ws/src/speech/sphinxbase/missing autoheader'
AUTOMAKE='${SHELL} /home/gunjan/Desktop/VITHack/vithack-sigmatix/Movel-AI/catkin_ws/src/speech/sphinxbase/missing automake-1.16'
AWK='mawk'
BUILD_DOXYGEN_FALSE=''
BUILD_DOXYGEN_TRUE='#'
BUILD_SWIG_FALSE='#'
BUILD_SWIG_TRUE=''
CC='gcc'
CCDEPMODE='depmode=gcc3'
CFLAGS='-g -O2 -Wall'
CPP='gcc -E'
CPPFLAGS=''
CYGPATH_W='echo'
DEFS='-DHAVE_CONFIG_H'
DEPDIR='.deps'
DLLTOOL='false'
DSYMUTIL=''
DUMPBIN=''
ECHO_C=''
ECHO_N='-n'
ECHO_T=''
EGREP='/usr/bin/grep -E'
EXEEXT=''
FGREP='/usr/bin/grep -F'
FIXED_POINT_FALSE=''
FIXED_POINT_TRUE='#'
GREP='/usr/bin/grep'
HAVE_DOXYGEN='no'
INSTALL_DATA='${INSTALL} -m 644'
INSTALL_PROGRAM='${INSTALL}'
INSTALL_SCRIPT='${INSTALL}'
INSTALL_STRIP_PROGRAM='$(install_sh) -c -s'
LAPACK_LITE_FALSE=''
LAPACK_LITE_TRUE='#'
LD='/usr/bin/ld -m elf_x86_64'
LDFLAGS=''
LIBOBJS=''
LIBS='-lpulse -lpulse-simple -lpthread -lm -lblas -llapack '
LIBTOOL='$(SHELL) $(top_builddir)/libtool'
LIPO=''
LN_S='ln -s'
LTLIBOBJS=''
LT_SYS_LIBRARY_PATH=''
MAKEINFO='${SHELL} /home/gunjan/Desktop/VITHack/vithack-sigmatix/Movel-AI/catkin_ws/src/speech/sphinxbase/missing makeinfo'
MANIFEST_TOOL=':'
MKDIR_P='/usr/bin/mkdir -p'
NM='/usr/bin/nm -B'
NMEDIT=''
OBJDUMP='objdump'
OBJEXT='o'
OTOOL64=''
OTOOL=''
PACKAGE='sphinxbase'
PACKAGE_BUGREPORT=''
PACKAGE_NAME='sphinxbase'
PACKAGE_STRING='sphinxbase 5prealpha'
PACKAGE_TARNAME='sphinxbase'
PACKAGE_URL=''
PACKAGE_VERSION='5prealpha'
PATH_SEPARATOR=':'
PYTHON='/usr/bin/python3'
PYTHON_CPPFLAGS='-I/usr/include/python3.8'
PYTHON_EXEC_PREFIX='${exec_prefix}'
PYTHON_EXTRA_LDFLAGS='-Xlinker -export-dynamic -Wl,-O1 -Wl,-Bsymbolic-functions'
PYTHON_EXTRA_LIBS='-lcrypt -lpthread -ldl  -lutil -lm -lm'
PYTHON_LDFLAGS='-L/usr/lib -lpython3.8'
PYTHON_PLATFORM='linux'
PYTHON_PREFIX='${prefix}'
PYTHON_SITE_PKG='/usr/lib/python3/dist-packages'
PYTHON_VERSION='3.8'
RANLIB='ranlib'
SED='/usr/bin/sed'
SET_MAKE=''
SHELL='/bin/bash'
STRIP='strip'
SWIG='/usr/bin/swig'
SWIG_LIB='/usr/share/swig4.0'
USE_LAPACK_FALSE='#'
USE_LAPACK_TRUE=''
USE_THREADS_FALSE='#'
USE_THREADS_TRUE=''
VERSION='5prealpha'
YACC='bison -y'
ac_ct_AR='ar'
ac_ct_CC='gcc'
ac_ct_DUMPBIN=''
ad_cppflags=''
ad_files='ad_pulse.lo'
ad_libs=''
am__EXEEXT_FALSE=''
am__EXEEXT_TRUE='#'
am__fastdepCC_FALSE='#'
am__fastdepCC_TRUE=''
am__include='include'
am__isrc=''
am__leading_dot='.'
am__nodep='_no'
am__quote=''
am__tar='$${TAR-tar} chof - "$$tardir"'
am__untar='$${TAR-tar} xf -'
bindir='${exec_prefix}/bin'
build='x86_64-unknown-linux-gnu'
build_alias=''
build_cpu='x86_64'
build_os='linux-gnu'
build_vendor='unknown'
datadir='${datarootdir}'
datarootdir='${prefix}/share'
docdir='${datarootdir}/doc/${PACKAGE_TARNAME}'
dvidir='${docdir}'
exec_prefix='${prefix}'
host='x86_64-unknown-linux-gnu'
host_alias=''
host_cpu='x86_64'
host_os='linux-gnu'
host_vendor='unknown'
htmldir='${docdir}'
includedir='${prefix}/include'
infodir='${datarootdir}/info'
install_sh='${SHELL} /home/gunjan/Desktop/VITHack/vithack-sigmatix/Movel-AI/catkin_ws/src/speech/sphinxbase/install-sh'
libdir='${exec_prefix}/lib'
libexecdir='${exec_prefix}/libexec'
localedir='${datarootdir}/locale'
localstatedir='${prefix}/var'
mandir='${datarootdir}/man'
mkdir_p='$(MKDIR_P)'
oldincludedir='/usr/include'
pdfdir='${docdir}'
pkgpyexecdir='${pyexecdir}/sphinxbase'
pkgpythondir='${pythondir}/sphinxbase'
prefix='/usr/local'
program_transform_name='s,x,x,'
psdir='${docdir}'
pyexecdir='${exec_prefix}/lib/python3.8/site-packages'
pythondir='${prefix}/lib/python3.8/site-packages'
runstatedir='${localstatedir}/run'
sbindir='${exec_prefix}/sbin'
sharedstatedir='${prefix}/com'
sysconfdir='${prefix}/etc'
target_alias=''

## ----------- ##
## confdefs.h. ##
## ----------- ##

/* confdefs.h */
#define PACKAGE_NAME "sphinxbase"
#define PACKAGE_TARNAME "sphinxbase"
#define PACKAGE_VERSION "5prealpha"
#define PACKAGE_STRING "sphinxbase 5prealpha"
#define PACKAGE_BUGREPORT ""
#define PACKAGE_URL ""
#define STDC_HEADERS 1
#define HAVE_SYS_TYPES_H 1
#define HAVE_SYS_STAT_H 1
#define HAVE_STDLIB_H 1
#define HAVE_STRING_H 1
#define HAVE_MEMORY_H 1
#define HAVE_STRINGS_H 1
#define HAVE_INTTYPES_H 1
#define HAVE_STDINT_H 1
#define HAVE_UNISTD_H 1
#define HAVE_DLFCN_H 1
#define LT_OBJDIR ".libs/"
#define STDC_HEADERS 1
#define RETSIGTYPE void
#define HAVE_LONG_LONG 1
#define SIZEOF_LONG_LONG 8
#define SIZEOF_LONG 8
#define HAVE_POPEN 1
#define HAVE_PERROR 1
#define HAVE_SNPRINTF 1
#define HAVE_LIBLAPACK 1
#define HAVE_LIBBLAS 1
#define WITH_LAPACK /**/
#define HAVE_LIBM 1
#define HAVE_PTHREAD_H 1
#define HAVE_LIBPTHREAD 1
#define ENABLE_THREADS /**/
#define HAVE_LIBPULSE_SIMPLE 1
#define HAVE_LIBPULSE 1
#define HAVE_PYTHON "3.8"

configure: exit 0
